<?xml version="1.0" encoding="UTF-8"?>
<testsuite name="com.tickernest.core.FormatTest" tests="6" skipped="0" failures="0" errors="0" timestamp="2026-05-29T08:06:24.541Z" hostname="satishv-ltmuzf6.internal.salesforce.com" time="0.026">
  <properties/>
  <testcase name="USD uses thousands grouping()" classname="com.tickernest.core.FormatTest" time="0.016"/>
  <testcase name="formatSignedMoney prefixes plus for positive and minus for negative()" classname="com.tickernest.core.FormatTest" time="0.001"/>
  <testcase name="INR precision preserved at very large magnitudes()" classname="com.tickernest.core.FormatTest" time="0.0"/>
  <testcase name="INR groups lakhs and crores()" classname="com.tickernest.core.FormatTest" time="0.0"/>
  <testcase name="formatPct adds a sign for non-zero values()" classname="com.tickernest.core.FormatTest" time="0.0"/>
  <testcase name="formatQty strips trailing zeros and the decimal point()" classname="com.tickernest.core.FormatTest" time="0.006"/>
  <system-out><![CDATA[]]></system-out>
  <system-err><![CDATA[]]></system-err>
</testsuite>
