<?xml version="1.0" encoding="UTF-8"?>
<testsuite name="com.tickernest.core.HoldingUpsertTest" tests="8" skipped="0" failures="0" errors="0" timestamp="2026-05-29T08:06:24.568Z" hostname="satishv-ltmuzf6.internal.salesforce.com" time="0.008">
  <properties/>
  <testcase name="optional sell metadata is passed through()" classname="com.tickernest.core.HoldingUpsertTest" time="0.005"/>
  <testcase name="avg-only change is update without soldShare()" classname="com.tickernest.core.HoldingUpsertTest" time="0.0"/>
  <testcase name="noop when nothing changed()" classname="com.tickernest.core.HoldingUpsertTest" time="0.0"/>
  <testcase name="qty decrease snapshots the OLD avg as cost basis()" classname="com.tickernest.core.HoldingUpsertTest" time="0.0"/>
  <testcase name="qty increase emits update with no soldShare()" classname="com.tickernest.core.HoldingUpsertTest" time="0.001"/>
  <testcase name="qty to zero produces FullExit with soldShare for full prior qty()" classname="com.tickernest.core.HoldingUpsertTest" time="0.0"/>
  <testcase name="noop for zero-qty insertion()" classname="com.tickernest.core.HoldingUpsertTest" time="0.001"/>
  <testcase name="insert plan for a brand-new holding()" classname="com.tickernest.core.HoldingUpsertTest" time="0.0"/>
  <system-out><![CDATA[]]></system-out>
  <system-err><![CDATA[]]></system-err>
</testsuite>
