<?xml version="1.0" encoding="UTF-8"?>
<testsuite name="com.tickernest.core.MoneyTest" tests="6" skipped="0" failures="0" errors="0" timestamp="2026-05-29T08:06:24.577Z" hostname="satishv-ltmuzf6.internal.salesforce.com" time="0.002">
  <properties/>
  <testcase name="D from string preserves precision()" classname="com.tickernest.core.MoneyTest" time="0.0"/>
  <testcase name="weightedAvg of empty list is zero()" classname="com.tickernest.core.MoneyTest" time="0.001"/>
  <testcase name="weightedAvg with zero total qty returns zero (no NaN)()" classname="com.tickernest.core.MoneyTest" time="0.0"/>
  <testcase name="weightedAvg of two pairs is correctly weighted()" classname="com.tickernest.core.MoneyTest" time="0.001"/>
  <testcase name="weightedAvg of single pair returns the price()" classname="com.tickernest.core.MoneyTest" time="0.0"/>
  <testcase name="sumMoney sums precisely past 2^53()" classname="com.tickernest.core.MoneyTest" time="0.0"/>
  <system-out><![CDATA[]]></system-out>
  <system-err><![CDATA[]]></system-err>
</testsuite>
